<?xml version="1.0" encoding="UTF-8"?>
<!-- Generated by org.testng.reporters.JUnitReportReporter -->
<testsuite skipped="0" hostname="buntu-PC" name="ReadJsonObject" tests="1" failures="0" timestamp="27 Jan 2017 14:37:45 GMT" time="1.188" errors="0">
  <testcase name="aptTesting" time="1.188" classname="ReadJsonObject"/>
</testsuite> <!-- ReadJsonObject -->
